c:\dev\inc\box2d\box2d\build\vs2015\obj\release\glfw\glfw.pdb
c:\dev\inc\box2d\box2d\build\vs2015\obj\release\glfw\window.obj
c:\dev\inc\box2d\box2d\build\vs2015\obj\release\glfw\win32_window.obj
c:\dev\inc\box2d\box2d\build\vs2015\obj\release\glfw\win32_tls.obj
c:\dev\inc\box2d\box2d\build\vs2015\obj\release\glfw\win32_time.obj
c:\dev\inc\box2d\box2d\build\vs2015\obj\release\glfw\win32_monitor.obj
c:\dev\inc\box2d\box2d\build\vs2015\obj\release\glfw\win32_joystick.obj
c:\dev\inc\box2d\box2d\build\vs2015\obj\release\glfw\win32_init.obj
c:\dev\inc\box2d\box2d\build\vs2015\obj\release\glfw\wgl_context.obj
c:\dev\inc\box2d\box2d\build\vs2015\obj\release\glfw\vulkan.obj
c:\dev\inc\box2d\box2d\build\vs2015\obj\release\glfw\monitor.obj
c:\dev\inc\box2d\box2d\build\vs2015\obj\release\glfw\input.obj
c:\dev\inc\box2d\box2d\build\vs2015\obj\release\glfw\init.obj
c:\dev\inc\box2d\box2d\build\vs2015\obj\release\glfw\egl_context.obj
c:\dev\inc\box2d\box2d\build\vs2015\obj\release\glfw\context.obj
c:\dev\inc\box2d\box2d\build\vs2015\bin\release\glfw.lib
c:\dev\inc\box2d\box2d\build\vs2015\obj\release\glfw\glfw.tlog\cl.command.1.tlog
c:\dev\inc\box2d\box2d\build\vs2015\obj\release\glfw\glfw.tlog\cl.read.1.tlog
c:\dev\inc\box2d\box2d\build\vs2015\obj\release\glfw\glfw.tlog\cl.write.1.tlog
c:\dev\inc\box2d\box2d\build\vs2015\obj\release\glfw\glfw.tlog\lib-link.read.1.tlog
c:\dev\inc\box2d\box2d\build\vs2015\obj\release\glfw\glfw.tlog\lib-link.write.1.tlog
c:\dev\inc\box2d\box2d\build\vs2015\obj\release\glfw\glfw.tlog\lib.command.1.tlog
