c:\dev\inc\box2d\box2d\build\vs2015\debug\box2d.pdb
c:\dev\inc\box2d\box2d\build\vs2015\debug\box2d.idb
c:\dev\inc\box2d\box2d\build\vs2015\debug\b2polygoncontact.obj
c:\dev\inc\box2d\box2d\build\vs2015\debug\b2distancejoint.obj
c:\dev\inc\box2d\box2d\build\vs2015\debug\b2frictionjoint.obj
c:\dev\inc\box2d\box2d\build\vs2015\debug\b2gearjoint.obj
c:\dev\inc\box2d\box2d\build\vs2015\debug\b2joint.obj
c:\dev\inc\box2d\box2d\build\vs2015\debug\b2motorjoint.obj
c:\dev\inc\box2d\box2d\build\vs2015\debug\b2mousejoint.obj
c:\dev\inc\box2d\box2d\build\vs2015\debug\b2prismaticjoint.obj
c:\dev\inc\box2d\box2d\build\vs2015\debug\b2pulleyjoint.obj
c:\dev\inc\box2d\box2d\build\vs2015\debug\b2revolutejoint.obj
c:\dev\inc\box2d\box2d\build\vs2015\debug\b2ropejoint.obj
c:\dev\inc\box2d\box2d\build\vs2015\debug\b2weldjoint.obj
c:\dev\inc\box2d\box2d\build\vs2015\debug\b2wheeljoint.obj
c:\dev\inc\box2d\box2d\build\vs2015\debug\b2body.obj
c:\dev\inc\box2d\box2d\build\vs2015\debug\b2contactmanager.obj
c:\dev\inc\box2d\box2d\build\vs2015\debug\b2fixture.obj
c:\dev\inc\box2d\box2d\build\vs2015\debug\b2island.obj
c:\dev\inc\box2d\box2d\build\vs2015\debug\b2world.obj
c:\dev\inc\box2d\box2d\build\vs2015\debug\b2worldcallbacks.obj
c:\dev\inc\box2d\box2d\build\vs2015\debug\b2rope.obj
c:\dev\inc\box2d\box2d\build\vs2015\debug\b2collideedge.obj
c:\dev\inc\box2d\box2d\build\vs2015\debug\b2collidepolygon.obj
c:\dev\inc\box2d\box2d\build\vs2015\debug\b2collision.obj
c:\dev\inc\box2d\box2d\build\vs2015\debug\b2distance.obj
c:\dev\inc\box2d\box2d\build\vs2015\debug\b2dynamictree.obj
c:\dev\inc\box2d\box2d\build\vs2015\debug\b2timeofimpact.obj
c:\dev\inc\box2d\box2d\build\vs2015\debug\b2blockallocator.obj
c:\dev\inc\box2d\box2d\build\vs2015\debug\b2draw.obj
c:\dev\inc\box2d\box2d\build\vs2015\debug\b2math.obj
c:\dev\inc\box2d\box2d\build\vs2015\debug\b2settings.obj
c:\dev\inc\box2d\box2d\build\vs2015\debug\b2stackallocator.obj
c:\dev\inc\box2d\box2d\build\vs2015\debug\b2timer.obj
c:\dev\inc\box2d\box2d\build\vs2015\debug\b2chainandcirclecontact.obj
c:\dev\inc\box2d\box2d\build\vs2015\debug\b2chainandpolygoncontact.obj
c:\dev\inc\box2d\box2d\build\vs2015\debug\b2circlecontact.obj
c:\dev\inc\box2d\box2d\build\vs2015\debug\b2contact.obj
c:\dev\inc\box2d\box2d\build\vs2015\debug\b2contactsolver.obj
c:\dev\inc\box2d\box2d\build\vs2015\debug\b2edgeandcirclecontact.obj
c:\dev\inc\box2d\box2d\build\vs2015\debug\b2edgeandpolygoncontact.obj
c:\dev\inc\box2d\box2d\build\vs2015\debug\b2polygonandcirclecontact.obj
c:\dev\inc\box2d\box2d\build\vs2015\debug\b2chainshape.obj
c:\dev\inc\box2d\box2d\build\vs2015\debug\b2circleshape.obj
c:\dev\inc\box2d\box2d\build\vs2015\debug\b2edgeshape.obj
c:\dev\inc\box2d\box2d\build\vs2015\debug\b2polygonshape.obj
c:\dev\inc\box2d\box2d\build\vs2015\debug\b2broadphase.obj
c:\dev\inc\box2d\box2d\build\vs2015\debug\b2collidecircle.obj
c:\dev\inc\box2d\box2d\build\vs2015\debug\box2d.lib
c:\dev\inc\box2d\box2d\build\vs2015\debug\helloworld.vcxprojresolveassemblyreference.cache
c:\dev\inc\box2d\box2d\build\vs2015\debug\testbed.vcxprojresolveassemblyreference.cache
c:\dev\inc\box2d\box2d\build\vs2015\debug\context.obj
c:\dev\inc\box2d\box2d\build\vs2015\debug\debugdraw.obj
c:\dev\inc\box2d\box2d\build\vs2015\debug\egl_context.obj
c:\dev\inc\box2d\box2d\build\vs2015\debug\imgui.obj
c:\dev\inc\box2d\box2d\build\vs2015\debug\imgui_demo.obj
c:\dev\inc\box2d\box2d\build\vs2015\debug\imgui_draw.obj
c:\dev\inc\box2d\box2d\build\vs2015\debug\imgui_impl_glfw_gl3.obj
c:\dev\inc\box2d\box2d\build\vs2015\debug\init.obj
c:\dev\inc\box2d\box2d\build\vs2015\debug\input.obj
c:\dev\inc\box2d\box2d\build\vs2015\debug\main.obj
c:\dev\inc\box2d\box2d\build\vs2015\debug\monitor.obj
c:\dev\inc\box2d\box2d\build\vs2015\debug\test.obj
c:\dev\inc\box2d\box2d\build\vs2015\debug\testentries.obj
c:\dev\inc\box2d\box2d\build\vs2015\debug\vulkan.obj
c:\dev\inc\box2d\box2d\build\vs2015\debug\wgl_context.obj
c:\dev\inc\box2d\box2d\build\vs2015\debug\win32_init.obj
c:\dev\inc\box2d\box2d\build\vs2015\debug\win32_joystick.obj
c:\dev\inc\box2d\box2d\build\vs2015\debug\win32_monitor.obj
c:\dev\inc\box2d\box2d\build\vs2015\debug\win32_time.obj
c:\dev\inc\box2d\box2d\build\vs2015\debug\win32_tls.obj
c:\dev\inc\box2d\box2d\build\vs2015\debug\win32_window.obj
c:\dev\inc\box2d\box2d\build\vs2015\debug\window.obj
c:\dev\inc\box2d\box2d\build\vs2015\debug\glfw.idb
c:\dev\inc\box2d\box2d\build\vs2015\debug\imgui.idb
c:\dev\inc\box2d\box2d\build\vs2015\debug\vc140.idb
c:\dev\inc\box2d\box2d\build\vs2015\debug\glfw.pdb
c:\dev\inc\box2d\box2d\build\vs2015\debug\imgui.pdb
c:\dev\inc\box2d\box2d\build\vs2015\debug\vc140.pdb
c:\dev\inc\box2d\box2d\build\vs2015\debug\box2d.tlog\cl.command.1.tlog
c:\dev\inc\box2d\box2d\build\vs2015\debug\box2d.tlog\cl.read.1.tlog
c:\dev\inc\box2d\box2d\build\vs2015\debug\box2d.tlog\cl.write.1.tlog
c:\dev\inc\box2d\box2d\build\vs2015\debug\box2d.tlog\lib-link.read.1.tlog
c:\dev\inc\box2d\box2d\build\vs2015\debug\box2d.tlog\lib-link.write.1.tlog
c:\dev\inc\box2d\box2d\build\vs2015\debug\box2d.tlog\lib.command.1.tlog
